# JRE version: OpenJDK Runtime Environment (8.0_152-b01) (build 1.8.0_152-release-915-b01)
# Java VM: OpenJDK 64-Bit Server VM (25.152-b01 mixed mode windows-amd64 compressed oops)
Heap:
 PSYoungGen      total 268288K, used 227881K [0x00000000e0000000, 0x00000000f2780000, 0x0000000100000000)
  eden space 236032K, 82% used [0x00000000e0000000,0x00000000ebf0d5f0,0x00000000ee680000)
  from space 32256K, 99% used [0x00000000ee680000,0x00000000f05fcf58,0x00000000f0600000)
  to   space 28672K, 0% used [0x00000000f0600000,0x00000000f0600000,0x00000000f2200000)
 ParOldGen       total 278528K, used 212665K [0x00000000a0000000, 0x00000000b1000000, 0x00000000e0000000)
  object space 278528K, 76% used [0x00000000a0000000,0x00000000acfae5e0,0x00000000b1000000)
 Metaspace       used 68259K, capacity 71298K, committed 71552K, reserved 1112064K
  class space    used 8838K, capacity 9509K, committed 9600K, reserved 1048576K
GC Heap History (10 events):
Event: 158.238 GC heap before
{Heap before GC invocations=16 (full 3):
 PSYoungGen      total 264704K, used 263522K [0x00000000e0000000, 0x00000000f2780000, 0x0000000100000000)
  eden space 236032K, 100% used [0x00000000e0000000,0x00000000ee680000,0x00000000ee680000)
  from space 28672K, 95% used [0x00000000f0600000,0x00000000f20d8980,0x00000000f2200000)
  to   space 32256K, 0% used [0x00000000ee680000,0x00000000ee680000,0x00000000f0600000)
 ParOldGen       total 278528K, used 49523K [0x00000000a0000000, 0x00000000b1000000, 0x00000000e0000000)
  object space 278528K, 17% used [0x00000000a0000000,0x00000000a305cde0,0x00000000b1000000)
 Metaspace       used 67497K, capacity 70560K, committed 70784K, reserved 1110016K
  class space    used 8779K, capacity 9476K, committed 9600K, reserved 1048576K
Event: 158.308 GC heap after
Heap after GC invocations=16 (full 3):
 PSYoungGen      total 268288K, used 32224K [0x00000000e0000000, 0x00000000f2780000, 0x0000000100000000)
  eden space 236032K, 0% used [0x00000000e0000000,0x00000000e0000000,0x00000000ee680000)
  from space 32256K, 99% used [0x00000000ee680000,0x00000000f05f8070,0x00000000f0600000)
  to   space 28672K, 0% used [0x00000000f0600000,0x00000000f0600000,0x00000000f2200000)
 ParOldGen       total 278528K, used 65492K [0x00000000a0000000, 0x00000000b1000000, 0x00000000e0000000)
  object space 278528K, 23% used [0x00000000a0000000,0x00000000a3ff5388,0x00000000b1000000)
 Metaspace       used 67497K, capacity 70560K, committed 70784K, reserved 1110016K
  class space    used 8779K, capacity 9476K, committed 9600K, reserved 1048576K
}
Event: 159.683 GC heap before
{Heap before GC invocations=17 (full 3):
 PSYoungGen      total 268288K, used 268256K [0x00000000e0000000, 0x00000000f2780000, 0x0000000100000000)
  eden space 236032K, 100% used [0x00000000e0000000,0x00000000ee680000,0x00000000ee680000)
  from space 32256K, 99% used [0x00000000ee680000,0x00000000f05f8070,0x00000000f0600000)
  to   space 28672K, 0% used [0x00000000f0600000,0x00000000f0600000,0x00000000f2200000)
 ParOldGen       total 278528K, used 65492K [0x00000000a0000000, 0x00000000b1000000, 0x00000000e0000000)
  object space 278528K, 23% used [0x00000000a0000000,0x00000000a3ff5388,0x00000000b1000000)
 Metaspace       used 67596K, capacity 70624K, committed 70784K, reserved 1110016K
  class space    used 8782K, capacity 9476K, committed 9600K, reserved 1048576K
Event: 159.769 GC heap after
Heap after GC invocations=17 (full 3):
 PSYoungGen      total 264704K, used 28661K [0x00000000e0000000, 0x00000000f2780000, 0x0000000100000000)
  eden space 236032K, 0% used [0x00000000e0000000,0x00000000e0000000,0x00000000ee680000)
  from space 28672K, 99% used [0x00000000f0600000,0x00000000f21fd4e8,0x00000000f2200000)
  to   space 32256K, 0% used [0x00000000ee680000,0x00000000ee680000,0x00000000f0600000)
 ParOldGen       total 278528K, used 99240K [0x00000000a0000000, 0x00000000b1000000, 0x00000000e0000000)
  object space 278528K, 35% used [0x00000000a0000000,0x00000000a60ea1f0,0x00000000b1000000)
 Metaspace       used 67596K, capacity 70624K, committed 70784K, reserved 1110016K
  class space    used 8782K, capacity 9476K, committed 9600K, reserved 1048576K
}
Event: 163.946 GC heap before
{Heap before GC invocations=18 (full 3):
 PSYoungGen      total 264704K, used 264693K [0x00000000e0000000, 0x00000000f2780000, 0x0000000100000000)
  eden space 236032K, 100% used [0x00000000e0000000,0x00000000ee680000,0x00000000ee680000)
  from space 28672K, 99% used [0x00000000f0600000,0x00000000f21fd4e8,0x00000000f2200000)
  to   space 32256K, 0% used [0x00000000ee680000,0x00000000ee680000,0x00000000f0600000)
 ParOldGen       total 278528K, used 99240K [0x00000000a0000000, 0x00000000b1000000, 0x00000000e0000000)
  object space 278528K, 35% used [0x00000000a0000000,0x00000000a60ea1f0,0x00000000b1000000)
 Metaspace       used 67638K, capacity 70688K, committed 71040K, reserved 1110016K
  class space    used 8783K, capacity 9476K, committed 9600K, reserved 1048576K
Event: 164.068 GC heap after
Heap after GC invocations=18 (full 3):
 PSYoungGen      total 268288K, used 32225K [0x00000000e0000000, 0x00000000f2780000, 0x0000000100000000)
  eden space 236032K, 0% used [0x00000000e0000000,0x00000000e0000000,0x00000000ee680000)
  from space 32256K, 99% used [0x00000000ee680000,0x00000000f05f84d8,0x00000000f0600000)
  to   space 28672K, 0% used [0x00000000f0600000,0x00000000f0600000,0x00000000f2200000)
 ParOldGen       total 278528K, used 133860K [0x00000000a0000000, 0x00000000b1000000, 0x00000000e0000000)
  object space 278528K, 48% used [0x00000000a0000000,0x00000000a82b9048,0x00000000b1000000)
 Metaspace       used 67638K, capacity 70688K, committed 71040K, reserved 1110016K
  class space    used 8783K, capacity 9476K, committed 9600K, reserved 1048576K
}
Event: 164.881 GC heap before
{Heap before GC invocations=19 (full 3):
 PSYoungGen      total 268288K, used 268257K [0x00000000e0000000, 0x00000000f2780000, 0x0000000100000000)
  eden space 236032K, 100% used [0x00000000e0000000,0x00000000ee680000,0x00000000ee680000)
  from space 32256K, 99% used [0x00000000ee680000,0x00000000f05f84d8,0x00000000f0600000)
  to   space 28672K, 0% used [0x00000000f0600000,0x00000000f0600000,0x00000000f2200000)
 ParOldGen       total 278528K, used 133860K [0x00000000a0000000, 0x00000000b1000000, 0x00000000e0000000)
  object space 278528K, 48% used [0x00000000a0000000,0x00000000a82b9048,0x00000000b1000000)
 Metaspace       used 67653K, capacity 70688K, committed 71040K, reserved 1110016K
  class space    used 8784K, capacity 9476K, committed 9600K, reserved 1048576K
Event: 164.985 GC heap after
Heap after GC invocations=19 (full 3):
 PSYoungGen      total 264704K, used 28658K [0x00000000e0000000, 0x00000000f2780000, 0x0000000100000000)
  eden space 236032K, 0% used [0x00000000e0000000,0x00000000e0000000,0x00000000ee680000)
  from space 28672K, 99% used [0x00000000f0600000,0x00000000f21fcb90,0x00000000f2200000)
  to   space 32256K, 0% used [0x00000000ee680000,0x00000000ee680000,0x00000000f0600000)
 ParOldGen       total 278528K, used 177041K [0x00000000a0000000, 0x00000000b1000000, 0x00000000e0000000)
  object space 278528K, 63% used [0x00000000a0000000,0x00000000aace4438,0x00000000b1000000)
 Metaspace       used 67653K, capacity 70688K, committed 71040K, reserved 1110016K
  class space    used 8784K, capacity 9476K, committed 9600K, reserved 1048576K
}
Event: 165.648 GC heap before
{Heap before GC invocations=20 (full 3):
 PSYoungGen      total 264704K, used 264690K [0x00000000e0000000, 0x00000000f2780000, 0x0000000100000000)
  eden space 236032K, 100% used [0x00000000e0000000,0x00000000ee680000,0x00000000ee680000)
  from space 28672K, 99% used [0x00000000f0600000,0x00000000f21fcb90,0x00000000f2200000)
  to   space 32256K, 0% used [0x00000000ee680000,0x00000000ee680000,0x00000000f0600000)
 ParOldGen       total 278528K, used 177041K [0x00000000a0000000, 0x00000000b1000000, 0x00000000e0000000)
  object space 278528K, 63% used [0x00000000a0000000,0x00000000aace4438,0x00000000b1000000)
 Metaspace       used 67671K, capacity 70688K, committed 71040K, reserved 1110016K
  class space    used 8784K, capacity 9476K, committed 9600K, reserved 1048576K
Event: 165.798 GC heap after
Heap after GC invocations=20 (full 3):
 PSYoungGen      total 268288K, used 32243K [0x00000000e0000000, 0x00000000f2780000, 0x0000000100000000)
  eden space 236032K, 0% used [0x00000000e0000000,0x00000000e0000000,0x00000000ee680000)
  from space 32256K, 99% used [0x00000000ee680000,0x00000000f05fcf58,0x00000000f0600000)
  to   space 28672K, 0% used [0x00000000f0600000,0x00000000f0600000,0x00000000f2200000)
 ParOldGen       total 278528K, used 212665K [0x00000000a0000000, 0x00000000b1000000, 0x00000000e0000000)
  object space 278528K, 76% used [0x00000000a0000000,0x00000000acfae5e0,0x00000000b1000000)
 Metaspace       used 67671K, capacity 70688K, committed 71040K, reserved 1110016K
  class space    used 8784K, capacity 9476K, committed 9600K, reserved 1048576K
}

